<?xml version="1.0" encoding="UTF-8"?>
<!-- Generated by org.testng.reporters.JUnitXMLReporter -->
<testsuite hostname="ML-HP" ignored="0" name="Bol" tests="1" failures="1" timestamp="17 aug 2019 09:30:30 GMT" time="0.198" errors="0">
  <testcase name="S01_01_SuccessfulSearch" time="0.098" classname="test.S01_Search">
    <failure type="java.lang.NullPointerException">
      <![CDATA[java.lang.NullPointerException
at pageobjects.MainPage.openMainPage(MainPage.java:7)
at test.S01_Search.S01_01_SuccessfulSearch(S01_Search.java:19)
... Removed 25 stack frames]]>
    </failure>
  </testcase> <!-- S01_01_SuccessfulSearch -->
</testsuite> <!-- Bol -->
